<?xml version="1.0" encoding="UTF-8"?>
<testng-results skipped="0" failed="1" ignored="0" total="2" passed="1">
  <reporter-output>
  </reporter-output>
  <suite name="Default suite" duration-ms="26762" started-at="2018-06-19T12:18:56Z" finished-at="2018-06-19T12:19:23Z">
    <groups>
    </groups>
    <test name="Default test" duration-ms="26762" started-at="2018-06-19T12:18:56Z" finished-at="2018-06-19T12:19:23Z">
      <class name="training.Zero.To.Hero.Selenium.JavaScript_Page_Functions">
        <test-method status="PASS" signature="openBrowser()[pri:0, instance:training.Zero.To.Hero.Selenium.JavaScript_Page_Functions@42d80b78]" name="openBrowser" is-config="true" duration-ms="10248" started-at="2018-06-19T12:18:56Z" finished-at="2018-06-19T12:19:06Z">
          <reporter-output>
          </reporter-output>
        </test-method> <!-- openBrowser -->
        <test-method status="PASS" signature="getPageTextJSTest()[pri:0, instance:training.Zero.To.Hero.Selenium.JavaScript_Page_Functions@42d80b78]" name="getPageTextJSTest" duration-ms="5028" started-at="2018-06-19T12:19:06Z" finished-at="2018-06-19T12:19:11Z">
          <reporter-output>
          </reporter-output>
        </test-method> <!-- getPageTextJSTest -->
        <test-method status="PASS" signature="tearDown()[pri:0, instance:training.Zero.To.Hero.Selenium.JavaScript_Page_Functions@42d80b78]" name="tearDown" is-config="true" duration-ms="2554" started-at="2018-06-19T12:19:11Z" finished-at="2018-06-19T12:19:14Z">
          <reporter-output>
          </reporter-output>
        </test-method> <!-- tearDown -->
        <test-method status="PASS" signature="openBrowser()[pri:0, instance:training.Zero.To.Hero.Selenium.JavaScript_Page_Functions@42d80b78]" name="openBrowser" is-config="true" duration-ms="7908" started-at="2018-06-19T12:19:14Z" finished-at="2018-06-19T12:19:22Z">
          <reporter-output>
          </reporter-output>
        </test-method> <!-- openBrowser -->
        <test-method status="FAIL" signature="pageTitleJSTest()[pri:0, instance:training.Zero.To.Hero.Selenium.JavaScript_Page_Functions@42d80b78]" name="pageTitleJSTest" duration-ms="65" started-at="2018-06-19T12:19:22Z" finished-at="2018-06-19T12:19:22Z">
          <exception class="java.lang.AssertionError">
            <message>
              <![CDATA[expected [Facebook – log in or sign up] but found [Facebook - Log In or Sign Up]]]>
            </message>
            <full-stacktrace>
              <![CDATA[java.lang.AssertionError: expected [Facebook – log in or sign up] but found [Facebook - Log In or Sign Up]
at org.testng.Assert.fail(Assert.java:96)
at org.testng.Assert.failNotEquals(Assert.java:776)
at org.testng.Assert.assertEqualsImpl(Assert.java:137)
at org.testng.Assert.assertEquals(Assert.java:118)
at org.testng.Assert.assertEquals(Assert.java:453)
at org.testng.Assert.assertEquals(Assert.java:463)
at training.Zero.To.Hero.Selenium.JavaScript_Page_Functions.pageTitleJSTest(JavaScript_Page_Functions.java:41)
at sun.reflect.NativeMethodAccessorImpl.invoke0(Native Method)
at sun.reflect.NativeMethodAccessorImpl.invoke(NativeMethodAccessorImpl.java:62)
at sun.reflect.DelegatingMethodAccessorImpl.invoke(DelegatingMethodAccessorImpl.java:43)
at java.lang.reflect.Method.invoke(Method.java:498)
at org.testng.internal.MethodInvocationHelper.invokeMethod(MethodInvocationHelper.java:124)
at org.testng.internal.Invoker.invokeMethod(Invoker.java:583)
at org.testng.internal.Invoker.invokeTestMethod(Invoker.java:719)
at org.testng.internal.Invoker.invokeTestMethods(Invoker.java:989)
at org.testng.internal.TestMethodWorker.invokeTestMethods(TestMethodWorker.java:125)
at org.testng.internal.TestMethodWorker.run(TestMethodWorker.java:109)
at org.testng.TestRunner.privateRun(TestRunner.java:648)
at org.testng.TestRunner.run(TestRunner.java:505)
at org.testng.SuiteRunner.runTest(SuiteRunner.java:455)
at org.testng.SuiteRunner.runSequentially(SuiteRunner.java:450)
at org.testng.SuiteRunner.privateRun(SuiteRunner.java:415)
at org.testng.SuiteRunner.run(SuiteRunner.java:364)
at org.testng.SuiteRunnerWorker.runSuite(SuiteRunnerWorker.java:52)
at org.testng.SuiteRunnerWorker.run(SuiteRunnerWorker.java:84)
at org.testng.TestNG.runSuitesSequentially(TestNG.java:1208)
at org.testng.TestNG.runSuitesLocally(TestNG.java:1137)
at org.testng.TestNG.runSuites(TestNG.java:1049)
at org.testng.TestNG.run(TestNG.java:1017)
at org.testng.remote.AbstractRemoteTestNG.run(AbstractRemoteTestNG.java:114)
at org.testng.remote.RemoteTestNG.initAndRun(RemoteTestNG.java:251)
at org.testng.remote.RemoteTestNG.main(RemoteTestNG.java:77)
]]>
            </full-stacktrace>
          </exception> <!-- java.lang.AssertionError -->
          <reporter-output>
          </reporter-output>
        </test-method> <!-- pageTitleJSTest -->
        <test-method status="PASS" signature="tearDown()[pri:0, instance:training.Zero.To.Hero.Selenium.JavaScript_Page_Functions@42d80b78]" name="tearDown" is-config="true" duration-ms="761" started-at="2018-06-19T12:19:22Z" finished-at="2018-06-19T12:19:23Z">
          <reporter-output>
          </reporter-output>
        </test-method> <!-- tearDown -->
      </class> <!-- training.Zero.To.Hero.Selenium.JavaScript_Page_Functions -->
    </test> <!-- Default test -->
  </suite> <!-- Default suite -->
</testng-results>
